This is pdfTeX, Version 3.141592653-2.6-1.40.22 (TeX Live 2021/W32TeX) (preloaded format=pdflatex 2021.4.13)  21 JUL 2021 09:18
entering extended mode
 restricted \write18 enabled.
 %&-line parsing enabled.
**11-Slides.tex
(./11-Slides.tex
LaTeX2e <2020-10-01> patch level 4
L3 programming layer <2021-02-18>
(c:/Users/simon/AppData/Roaming/TinyTeX/texmf-dist/tex/latex/beamer/beamer.cls
Document Class: beamer 2021/03/19 v3.62 A class for typesetting presentations

(c:/Users/simon/AppData/Roaming/TinyTeX/texmf-dist/tex/latex/beamer/beamerbasem
odes.sty
(c:/Users/simon/AppData/Roaming/TinyTeX/texmf-dist/tex/latex/etoolbox/etoolbox.
sty
Package: etoolbox 2020/10/05 v2.5k e-TeX tools for LaTeX (JAW)
\etb@tempcnta=\count179
)
\beamer@tempbox=\box47
\beamer@tempcount=\count180
\c@beamerpauses=\count181

(c:/Users/simon/AppData/Roaming/TinyTeX/texmf-dist/tex/latex/beamer/beamerbased
ecode.sty
\beamer@slideinframe=\count182
\beamer@minimum=\count183
\beamer@decode@box=\box48
)
\beamer@commentbox=\box49
\beamer@modecount=\count184
)
(c:/Users/simon/AppData/Roaming/TinyTeX/texmf-dist/tex/generic/iftex/ifpdf.sty
Package: ifpdf 2019/10/25 v3.4 ifpdf legacy package. Use iftex instead.

(c:/Users/simon/AppData/Roaming/TinyTeX/texmf-dist/tex/generic/iftex/iftex.sty
Package: iftex 2020/03/06 v1.0d TeX engine tests
))
\headdp=\dimen138
\footheight=\dimen139
\sidebarheight=\dimen140
\beamer@tempdim=\dimen141
\beamer@finalheight=\dimen142
\beamer@animht=\dimen143
\beamer@animdp=\dimen144
\beamer@animwd=\dimen145
\beamer@leftmargin=\dimen146
\beamer@rightmargin=\dimen147
\beamer@leftsidebar=\dimen148
\beamer@rightsidebar=\dimen149
\beamer@boxsize=\dimen150
\beamer@vboxoffset=\dimen151
\beamer@descdefault=\dimen152
\beamer@descriptionwidth=\dimen153
\beamer@lastskip=\skip47
\beamer@areabox=\box50
\beamer@animcurrent=\box51
\beamer@animshowbox=\box52
\beamer@sectionbox=\box53
\beamer@logobox=\box54
\beamer@linebox=\box55
\beamer@sectioncount=\count185
\beamer@subsubsectionmax=\count186
\beamer@subsectionmax=\count187
\beamer@sectionmax=\count188
\beamer@totalheads=\count189
\beamer@headcounter=\count190
\beamer@partstartpage=\count191
\beamer@sectionstartpage=\count192
\beamer@subsectionstartpage=\count193
\beamer@animationtempa=\count194
\beamer@animationtempb=\count195
\beamer@xpos=\count196
\beamer@ypos=\count197
\beamer@ypos@offset=\count198
\beamer@showpartnumber=\count199
\beamer@currentsubsection=\count266
\beamer@coveringdepth=\count267
\beamer@sectionadjust=\count268
\beamer@tocsectionnumber=\count269

(c:/Users/simon/AppData/Roaming/TinyTeX/texmf-dist/tex/latex/beamer/beamerbaseo
ptions.sty
(c:/Users/simon/AppData/Roaming/TinyTeX/texmf-dist/tex/latex/graphics/keyval.st
y
Package: keyval 2014/10/28 v1.15 key=value parser (DPC)
\KV@toks@=\toks15
))
\beamer@paperwidth=\skip48
\beamer@paperheight=\skip49

(c:/Users/simon/AppData/Roaming/TinyTeX/texmf-dist/tex/latex/geometry/geometry.
sty
Package: geometry 2020/01/02 v5.9 Page Geometry

(c:/Users/simon/AppData/Roaming/TinyTeX/texmf-dist/tex/generic/iftex/ifvtex.sty
Package: ifvtex 2019/10/25 v1.7 ifvtex legacy package. Use iftex instead.
)
\Gm@cnth=\count270
\Gm@cntv=\count271
\c@Gm@tempcnt=\count272
\Gm@bindingoffset=\dimen154
\Gm@wd@mp=\dimen155
\Gm@odd@mp=\dimen156
\Gm@even@mp=\dimen157
\Gm@layoutwidth=\dimen158
\Gm@layoutheight=\dimen159
\Gm@layouthoffset=\dimen160
\Gm@layoutvoffset=\dimen161
\Gm@dimlist=\toks16
) (c:/Users/simon/AppData/Roaming/TinyTeX/texmf-dist/tex/latex/base/size11.clo
File: size11.clo 2020/04/10 v1.4m Standard LaTeX file (size option)
)
(c:/Users/simon/AppData/Roaming/TinyTeX/texmf-dist/tex/latex/pgf/basiclayer/pgf
core.sty
(c:/Users/simon/AppData/Roaming/TinyTeX/texmf-dist/tex/latex/graphics/graphicx.
sty
Package: graphicx 2020/09/09 v1.2b Enhanced LaTeX Graphics (DPC,SPQR)

(c:/Users/simon/AppData/Roaming/TinyTeX/texmf-dist/tex/latex/graphics/graphics.
sty
Package: graphics 2020/08/30 v1.4c Standard LaTeX Graphics (DPC,SPQR)

(c:/Users/simon/AppData/Roaming/TinyTeX/texmf-dist/tex/latex/graphics/trig.sty
Package: trig 2016/01/03 v1.10 sin cos tan (DPC)
)
(c:/Users/simon/AppData/Roaming/TinyTeX/texmf-dist/tex/latex/graphics-cfg/graph
ics.cfg
File: graphics.cfg 2016/06/04 v1.11 sample graphics configuration
)
Package graphics Info: Driver file: pdftex.def on input line 105.

(c:/Users/simon/AppData/Roaming/TinyTeX/texmf-dist/tex/latex/graphics-def/pdfte
x.def
File: pdftex.def 2020/10/05 v1.2a Graphics/color driver for pdftex
))
\Gin@req@height=\dimen162
\Gin@req@width=\dimen163
)
(c:/Users/simon/AppData/Roaming/TinyTeX/texmf-dist/tex/latex/pgf/systemlayer/pg
fsys.sty
(c:/Users/simon/AppData/Roaming/TinyTeX/texmf-dist/tex/latex/pgf/utilities/pgfr
cs.sty
(c:/Users/simon/AppData/Roaming/TinyTeX/texmf-dist/tex/generic/pgf/utilities/pg
futil-common.tex
\pgfutil@everybye=\toks17
\pgfutil@tempdima=\dimen164
\pgfutil@tempdimb=\dimen165

(c:/Users/simon/AppData/Roaming/TinyTeX/texmf-dist/tex/generic/pgf/utilities/pg
futil-common-lists.tex))
(c:/Users/simon/AppData/Roaming/TinyTeX/texmf-dist/tex/generic/pgf/utilities/pg
futil-latex.def
\pgfutil@abb=\box56
)
(c:/Users/simon/AppData/Roaming/TinyTeX/texmf-dist/tex/generic/pgf/utilities/pg
frcs.code.tex
(c:/Users/simon/AppData/Roaming/TinyTeX/texmf-dist/tex/generic/pgf/pgf.revision
.tex)
Package: pgfrcs 2020/12/27 v3.1.8b (3.1.8b)
))
(c:/Users/simon/AppData/Roaming/TinyTeX/texmf-dist/tex/generic/pgf/systemlayer/
pgfsys.code.tex
Package: pgfsys 2020/12/27 v3.1.8b (3.1.8b)

(c:/Users/simon/AppData/Roaming/TinyTeX/texmf-dist/tex/generic/pgf/utilities/pg
fkeys.code.tex
\pgfkeys@pathtoks=\toks18
\pgfkeys@temptoks=\toks19

(c:/Users/simon/AppData/Roaming/TinyTeX/texmf-dist/tex/generic/pgf/utilities/pg
fkeysfiltered.code.tex
\pgfkeys@tmptoks=\toks20
))
\pgf@x=\dimen166
\pgf@y=\dimen167
\pgf@xa=\dimen168
\pgf@ya=\dimen169
\pgf@xb=\dimen170
\pgf@yb=\dimen171
\pgf@xc=\dimen172
\pgf@yc=\dimen173
\pgf@xd=\dimen174
\pgf@yd=\dimen175
\w@pgf@writea=\write3
\r@pgf@reada=\read2
\c@pgf@counta=\count273
\c@pgf@countb=\count274
\c@pgf@countc=\count275
\c@pgf@countd=\count276
\t@pgf@toka=\toks21
\t@pgf@tokb=\toks22
\t@pgf@tokc=\toks23
\pgf@sys@id@count=\count277

(c:/Users/simon/AppData/Roaming/TinyTeX/texmf-dist/tex/generic/pgf/systemlayer/
pgf.cfg
File: pgf.cfg 2020/12/27 v3.1.8b (3.1.8b)
)
Driver file for pgf: pgfsys-pdftex.def

(c:/Users/simon/AppData/Roaming/TinyTeX/texmf-dist/tex/generic/pgf/systemlayer/
pgfsys-pdftex.def
File: pgfsys-pdftex.def 2020/12/27 v3.1.8b (3.1.8b)

(c:/Users/simon/AppData/Roaming/TinyTeX/texmf-dist/tex/generic/pgf/systemlayer/
pgfsys-common-pdf.def
File: pgfsys-common-pdf.def 2020/12/27 v3.1.8b (3.1.8b)
)))
(c:/Users/simon/AppData/Roaming/TinyTeX/texmf-dist/tex/generic/pgf/systemlayer/
pgfsyssoftpath.code.tex
File: pgfsyssoftpath.code.tex 2020/12/27 v3.1.8b (3.1.8b)
\pgfsyssoftpath@smallbuffer@items=\count278
\pgfsyssoftpath@bigbuffer@items=\count279
)
(c:/Users/simon/AppData/Roaming/TinyTeX/texmf-dist/tex/generic/pgf/systemlayer/
pgfsysprotocol.code.tex
File: pgfsysprotocol.code.tex 2020/12/27 v3.1.8b (3.1.8b)
))
(c:/Users/simon/AppData/Roaming/TinyTeX/texmf-dist/tex/latex/xcolor/xcolor.sty
Package: xcolor 2016/05/11 v2.12 LaTeX color extensions (UK)

(c:/Users/simon/AppData/Roaming/TinyTeX/texmf-dist/tex/latex/graphics-cfg/color
.cfg
File: color.cfg 2016/01/02 v1.6 sample color configuration
)
Package xcolor Info: Driver file: pdftex.def on input line 225.
Package xcolor Info: Model `cmy' substituted by `cmy0' on input line 1348.
Package xcolor Info: Model `hsb' substituted by `rgb' on input line 1352.
Package xcolor Info: Model `RGB' extended on input line 1364.
Package xcolor Info: Model `HTML' substituted by `rgb' on input line 1366.
Package xcolor Info: Model `Hsb' substituted by `hsb' on input line 1367.
Package xcolor Info: Model `tHsb' substituted by `hsb' on input line 1368.
Package xcolor Info: Model `HSB' substituted by `hsb' on input line 1369.
Package xcolor Info: Model `Gray' substituted by `gray' on input line 1370.
Package xcolor Info: Model `wave' substituted by `hsb' on input line 1371.
)
(c:/Users/simon/AppData/Roaming/TinyTeX/texmf-dist/tex/generic/pgf/basiclayer/p
gfcore.code.tex
Package: pgfcore 2020/12/27 v3.1.8b (3.1.8b)

(c:/Users/simon/AppData/Roaming/TinyTeX/texmf-dist/tex/generic/pgf/math/pgfmath
.code.tex
(c:/Users/simon/AppData/Roaming/TinyTeX/texmf-dist/tex/generic/pgf/math/pgfmath
calc.code.tex
(c:/Users/simon/AppData/Roaming/TinyTeX/texmf-dist/tex/generic/pgf/math/pgfmath
util.code.tex)
(c:/Users/simon/AppData/Roaming/TinyTeX/texmf-dist/tex/generic/pgf/math/pgfmath
parser.code.tex
\pgfmath@dimen=\dimen176
\pgfmath@count=\count280
\pgfmath@box=\box57
\pgfmath@toks=\toks24
\pgfmath@stack@operand=\toks25
\pgfmath@stack@operation=\toks26
)
(c:/Users/simon/AppData/Roaming/TinyTeX/texmf-dist/tex/generic/pgf/math/pgfmath
functions.code.tex
(c:/Users/simon/AppData/Roaming/TinyTeX/texmf-dist/tex/generic/pgf/math/pgfmath
functions.basic.code.tex)
(c:/Users/simon/AppData/Roaming/TinyTeX/texmf-dist/tex/generic/pgf/math/pgfmath
functions.trigonometric.code.tex)
(c:/Users/simon/AppData/Roaming/TinyTeX/texmf-dist/tex/generic/pgf/math/pgfmath
functions.random.code.tex)
(c:/Users/simon/AppData/Roaming/TinyTeX/texmf-dist/tex/generic/pgf/math/pgfmath
functions.comparison.code.tex)
(c:/Users/simon/AppData/Roaming/TinyTeX/texmf-dist/tex/generic/pgf/math/pgfmath
functions.base.code.tex)
(c:/Users/simon/AppData/Roaming/TinyTeX/texmf-dist/tex/generic/pgf/math/pgfmath
functions.round.code.tex)
(c:/Users/simon/AppData/Roaming/TinyTeX/texmf-dist/tex/generic/pgf/math/pgfmath
functions.misc.code.tex)
(c:/Users/simon/AppData/Roaming/TinyTeX/texmf-dist/tex/generic/pgf/math/pgfmath
functions.integerarithmetics.code.tex)))
(c:/Users/simon/AppData/Roaming/TinyTeX/texmf-dist/tex/generic/pgf/math/pgfmath
float.code.tex
\c@pgfmathroundto@lastzeros=\count281
))
(c:/Users/simon/AppData/Roaming/TinyTeX/texmf-dist/tex/generic/pgf/math/pgfint.
code.tex)
(c:/Users/simon/AppData/Roaming/TinyTeX/texmf-dist/tex/generic/pgf/basiclayer/p
gfcorepoints.code.tex
File: pgfcorepoints.code.tex 2020/12/27 v3.1.8b (3.1.8b)
\pgf@picminx=\dimen177
\pgf@picmaxx=\dimen178
\pgf@picminy=\dimen179
\pgf@picmaxy=\dimen180
\pgf@pathminx=\dimen181
\pgf@pathmaxx=\dimen182
\pgf@pathminy=\dimen183
\pgf@pathmaxy=\dimen184
\pgf@xx=\dimen185
\pgf@xy=\dimen186
\pgf@yx=\dimen187
\pgf@yy=\dimen188
\pgf@zx=\dimen189
\pgf@zy=\dimen190
)
(c:/Users/simon/AppData/Roaming/TinyTeX/texmf-dist/tex/generic/pgf/basiclayer/p
gfcorepathconstruct.code.tex
File: pgfcorepathconstruct.code.tex 2020/12/27 v3.1.8b (3.1.8b)
\pgf@path@lastx=\dimen191
\pgf@path@lasty=\dimen192
)
(c:/Users/simon/AppData/Roaming/TinyTeX/texmf-dist/tex/generic/pgf/basiclayer/p
gfcorepathusage.code.tex
File: pgfcorepathusage.code.tex 2020/12/27 v3.1.8b (3.1.8b)
\pgf@shorten@end@additional=\dimen193
\pgf@shorten@start@additional=\dimen194
)
(c:/Users/simon/AppData/Roaming/TinyTeX/texmf-dist/tex/generic/pgf/basiclayer/p
gfcorescopes.code.tex
File: pgfcorescopes.code.tex 2020/12/27 v3.1.8b (3.1.8b)
\pgfpic=\box58
\pgf@hbox=\box59
\pgf@layerbox@main=\box60
\pgf@picture@serial@count=\count282
)
(c:/Users/simon/AppData/Roaming/TinyTeX/texmf-dist/tex/generic/pgf/basiclayer/p
gfcoregraphicstate.code.tex
File: pgfcoregraphicstate.code.tex 2020/12/27 v3.1.8b (3.1.8b)
\pgflinewidth=\dimen195
)
(c:/Users/simon/AppData/Roaming/TinyTeX/texmf-dist/tex/generic/pgf/basiclayer/p
gfcoretransformations.code.tex
File: pgfcoretransformations.code.tex 2020/12/27 v3.1.8b (3.1.8b)
\pgf@pt@x=\dimen196
\pgf@pt@y=\dimen197
\pgf@pt@temp=\dimen198
)
(c:/Users/simon/AppData/Roaming/TinyTeX/texmf-dist/tex/generic/pgf/basiclayer/p
gfcorequick.code.tex
File: pgfcorequick.code.tex 2020/12/27 v3.1.8b (3.1.8b)
)
(c:/Users/simon/AppData/Roaming/TinyTeX/texmf-dist/tex/generic/pgf/basiclayer/p
gfcoreobjects.code.tex
File: pgfcoreobjects.code.tex 2020/12/27 v3.1.8b (3.1.8b)
)
(c:/Users/simon/AppData/Roaming/TinyTeX/texmf-dist/tex/generic/pgf/basiclayer/p
gfcorepathprocessing.code.tex
File: pgfcorepathprocessing.code.tex 2020/12/27 v3.1.8b (3.1.8b)
)
(c:/Users/simon/AppData/Roaming/TinyTeX/texmf-dist/tex/generic/pgf/basiclayer/p
gfcorearrows.code.tex
File: pgfcorearrows.code.tex 2020/12/27 v3.1.8b (3.1.8b)
\pgfarrowsep=\dimen199
)
(c:/Users/simon/AppData/Roaming/TinyTeX/texmf-dist/tex/generic/pgf/basiclayer/p
gfcoreshade.code.tex
File: pgfcoreshade.code.tex 2020/12/27 v3.1.8b (3.1.8b)
\pgf@max=\dimen256
\pgf@sys@shading@range@num=\count283
\pgf@shadingcount=\count284
)
(c:/Users/simon/AppData/Roaming/TinyTeX/texmf-dist/tex/generic/pgf/basiclayer/p
gfcoreimage.code.tex
File: pgfcoreimage.code.tex 2020/12/27 v3.1.8b (3.1.8b)

(c:/Users/simon/AppData/Roaming/TinyTeX/texmf-dist/tex/generic/pgf/basiclayer/p
gfcoreexternal.code.tex
File: pgfcoreexternal.code.tex 2020/12/27 v3.1.8b (3.1.8b)
\pgfexternal@startupbox=\box61
))
(c:/Users/simon/AppData/Roaming/TinyTeX/texmf-dist/tex/generic/pgf/basiclayer/p
gfcorelayers.code.tex
File: pgfcorelayers.code.tex 2020/12/27 v3.1.8b (3.1.8b)
)
(c:/Users/simon/AppData/Roaming/TinyTeX/texmf-dist/tex/generic/pgf/basiclayer/p
gfcoretransparency.code.tex
File: pgfcoretransparency.code.tex 2020/12/27 v3.1.8b (3.1.8b)
)
(c:/Users/simon/AppData/Roaming/TinyTeX/texmf-dist/tex/generic/pgf/basiclayer/p
gfcorepatterns.code.tex
File: pgfcorepatterns.code.tex 2020/12/27 v3.1.8b (3.1.8b)
)
(c:/Users/simon/AppData/Roaming/TinyTeX/texmf-dist/tex/generic/pgf/basiclayer/p
gfcorerdf.code.tex
File: pgfcorerdf.code.tex 2020/12/27 v3.1.8b (3.1.8b)
)))
(c:/Users/simon/AppData/Roaming/TinyTeX/texmf-dist/tex/latex/pgf/utilities/xxco
lor.sty
Package: xxcolor 2003/10/24 ver 0.1
\XC@nummixins=\count285
\XC@countmixins=\count286
)
(c:/Users/simon/AppData/Roaming/TinyTeX/texmf-dist/tex/latex/base/atbegshi-ltx.
sty
Package: atbegshi-ltx 2020/08/17 v1.0a Emulation of the original atbegshi packa
ge
with kernel methods
)
(c:/Users/simon/AppData/Roaming/TinyTeX/texmf-dist/tex/latex/hyperref/hyperref.
sty
Package: hyperref 2021-02-27 v7.00k Hypertext links for LaTeX

(c:/Users/simon/AppData/Roaming/TinyTeX/texmf-dist/tex/generic/ltxcmds/ltxcmds.
sty
Package: ltxcmds 2020-05-10 v1.25 LaTeX kernel commands for general use (HO)
)
(c:/Users/simon/AppData/Roaming/TinyTeX/texmf-dist/tex/generic/pdftexcmds/pdfte
xcmds.sty
Package: pdftexcmds 2020-06-27 v0.33 Utility functions of pdfTeX for LuaTeX (HO
)

(c:/Users/simon/AppData/Roaming/TinyTeX/texmf-dist/tex/generic/infwarerr/infwar
err.sty
Package: infwarerr 2019/12/03 v1.5 Providing info/warning/error messages (HO)
)
Package pdftexcmds Info: \pdf@primitive is available.
Package pdftexcmds Info: \pdf@ifprimitive is available.
Package pdftexcmds Info: \pdfdraftmode found.
)
(c:/Users/simon/AppData/Roaming/TinyTeX/texmf-dist/tex/generic/kvsetkeys/kvsetk
eys.sty
Package: kvsetkeys 2019/12/15 v1.18 Key value parser (HO)
)
(c:/Users/simon/AppData/Roaming/TinyTeX/texmf-dist/tex/generic/kvdefinekeys/kvd
efinekeys.sty
Package: kvdefinekeys 2019-12-19 v1.6 Define keys (HO)
)
(c:/Users/simon/AppData/Roaming/TinyTeX/texmf-dist/tex/generic/pdfescape/pdfesc
ape.sty
Package: pdfescape 2019/12/09 v1.15 Implements pdfTeX's escape features (HO)
)
(c:/Users/simon/AppData/Roaming/TinyTeX/texmf-dist/tex/latex/hycolor/hycolor.st
y
Package: hycolor 2020-01-27 v1.10 Color options for hyperref/bookmark (HO)
)
(c:/Users/simon/AppData/Roaming/TinyTeX/texmf-dist/tex/latex/letltxmacro/letltx
macro.sty
Package: letltxmacro 2019/12/03 v1.6 Let assignment for LaTeX macros (HO)
)
(c:/Users/simon/AppData/Roaming/TinyTeX/texmf-dist/tex/latex/auxhook/auxhook.st
y
Package: auxhook 2019-12-17 v1.6 Hooks for auxiliary files (HO)
)
(c:/Users/simon/AppData/Roaming/TinyTeX/texmf-dist/tex/latex/kvoptions/kvoption
s.sty
Package: kvoptions 2020-10-07 v3.14 Key value format for package options (HO)
)
\@linkdim=\dimen257
\Hy@linkcounter=\count287
\Hy@pagecounter=\count288

(c:/Users/simon/AppData/Roaming/TinyTeX/texmf-dist/tex/latex/hyperref/pd1enc.de
f
File: pd1enc.def 2021-02-27 v7.00k Hyperref: PDFDocEncoding definition (HO)
Now handling font encoding PD1 ...
... no UTF-8 mapping file for font encoding PD1
)
(c:/Users/simon/AppData/Roaming/TinyTeX/texmf-dist/tex/latex/hyperref/hyperref-
langpatches.def
File: hyperref-langpatches.def 2021-02-27 v7.00k Hyperref: patches for babel la
nguages
)
(c:/Users/simon/AppData/Roaming/TinyTeX/texmf-dist/tex/generic/intcalc/intcalc.
sty
Package: intcalc 2019/12/15 v1.3 Expandable calculations with integers (HO)
)
(c:/Users/simon/AppData/Roaming/TinyTeX/texmf-dist/tex/generic/etexcmds/etexcmd
s.sty
Package: etexcmds 2019/12/15 v1.7 Avoid name clashes with e-TeX commands (HO)
)
\Hy@SavedSpaceFactor=\count289

(c:/Users/simon/AppData/Roaming/TinyTeX/texmf-dist/tex/latex/hyperref/puenc.def
File: puenc.def 2021-02-27 v7.00k Hyperref: PDF Unicode definition (HO)
Now handling font encoding PU ...
... no UTF-8 mapping file for font encoding PU
)
Package hyperref Info: Option `bookmarks' set `true' on input line 4073.
Package hyperref Info: Option `bookmarksopen' set `true' on input line 4073.
Package hyperref Info: Option `implicit' set `false' on input line 4073.
Package hyperref Info: Hyper figures OFF on input line 4192.
Package hyperref Info: Link nesting OFF on input line 4197.
Package hyperref Info: Hyper index ON on input line 4200.
Package hyperref Info: Plain pages OFF on input line 4207.
Package hyperref Info: Backreferencing OFF on input line 4212.
Package hyperref Info: Implicit mode OFF; no redefinition of LaTeX internals.
Package hyperref Info: Bookmarks ON on input line 4445.
\c@Hy@tempcnt=\count290
 (c:/Users/simon/AppData/Roaming/TinyTeX/texmf-dist/tex/latex/url/url.sty
\Urlmuskip=\muskip16
Package: url 2013/09/16  ver 3.4  Verb mode for urls, etc.
)
LaTeX Info: Redefining \url on input line 4804.
\XeTeXLinkMargin=\dimen258

(c:/Users/simon/AppData/Roaming/TinyTeX/texmf-dist/tex/generic/bitset/bitset.st
y
Package: bitset 2019/12/09 v1.3 Handle bit-vector datatype (HO)

(c:/Users/simon/AppData/Roaming/TinyTeX/texmf-dist/tex/generic/bigintcalc/bigin
tcalc.sty
Package: bigintcalc 2019/12/15 v1.5 Expandable calculations on big integers (HO
)
))
\Fld@menulength=\count291
\Field@Width=\dimen259
\Fld@charsize=\dimen260
Package hyperref Info: Hyper figures OFF on input line 6075.
Package hyperref Info: Link nesting OFF on input line 6080.
Package hyperref Info: Hyper index ON on input line 6083.
Package hyperref Info: backreferencing OFF on input line 6090.
Package hyperref Info: Link coloring OFF on input line 6095.
Package hyperref Info: Link coloring with OCG OFF on input line 6100.
Package hyperref Info: PDF/A mode OFF on input line 6105.
LaTeX Info: Redefining \ref on input line 6145.
LaTeX Info: Redefining \pageref on input line 6149.
\Hy@abspage=\count292


Package hyperref Message: Stopped early.

)
Package hyperref Info: Driver (autodetected): hpdftex.

(c:/Users/simon/AppData/Roaming/TinyTeX/texmf-dist/tex/latex/hyperref/hpdftex.d
ef
File: hpdftex.def 2021-02-27 v7.00k Hyperref driver for pdfTeX

(c:/Users/simon/AppData/Roaming/TinyTeX/texmf-dist/tex/latex/base/atveryend-ltx
.sty
Package: atveryend-ltx 2020/08/19 v1.0a Emulation of the original atvery packag
e
with kernel methods
)
\Fld@listcount=\count293
\c@bookmark@seq@number=\count294

(c:/Users/simon/AppData/Roaming/TinyTeX/texmf-dist/tex/latex/rerunfilecheck/rer
unfilecheck.sty
Package: rerunfilecheck 2019/12/05 v1.9 Rerun checks for auxiliary files (HO)

(c:/Users/simon/AppData/Roaming/TinyTeX/texmf-dist/tex/generic/uniquecounter/un
iquecounter.sty
Package: uniquecounter 2019/12/15 v1.4 Provide unlimited unique counter (HO)
)
Package uniquecounter Info: New unique counter `rerunfilecheck' on input line 2
86.
))
(c:/Users/simon/AppData/Roaming/TinyTeX/texmf-dist/tex/latex/beamer/beamerbaser
equires.sty
(c:/Users/simon/AppData/Roaming/TinyTeX/texmf-dist/tex/latex/beamer/beamerbasec
ompatibility.sty)
(c:/Users/simon/AppData/Roaming/TinyTeX/texmf-dist/tex/latex/beamer/beamerbasef
ont.sty
(c:/Users/simon/AppData/Roaming/TinyTeX/texmf-dist/tex/latex/amsfonts/amssymb.s
ty
Package: amssymb 2013/01/14 v3.01 AMS font symbols

(c:/Users/simon/AppData/Roaming/TinyTeX/texmf-dist/tex/latex/amsfonts/amsfonts.
sty
Package: amsfonts 2013/01/14 v3.01 Basic AMSFonts support
\@emptytoks=\toks27
\symAMSa=\mathgroup4
\symAMSb=\mathgroup5
LaTeX Font Info:    Redeclaring math symbol \hbar on input line 98.
LaTeX Font Info:    Overwriting math alphabet `\mathfrak' in version `bold'
(Font)                  U/euf/m/n --> U/euf/b/n on input line 106.
)))
(c:/Users/simon/AppData/Roaming/TinyTeX/texmf-dist/tex/latex/beamer/beamerbaset
ranslator.sty
(c:/Users/simon/AppData/Roaming/TinyTeX/texmf-dist/tex/latex/translator/transla
tor.sty
Package: translator 2020-08-03 v1.12c Easy translation of strings in LaTeX
))
(c:/Users/simon/AppData/Roaming/TinyTeX/texmf-dist/tex/latex/beamer/beamerbasem
isc.sty)
(c:/Users/simon/AppData/Roaming/TinyTeX/texmf-dist/tex/latex/beamer/beamerbaset
woscreens.sty)
(c:/Users/simon/AppData/Roaming/TinyTeX/texmf-dist/tex/latex/beamer/beamerbaseo
verlay.sty
\beamer@argscount=\count295
\beamer@lastskipcover=\skip50
\beamer@trivlistdepth=\count296
)
(c:/Users/simon/AppData/Roaming/TinyTeX/texmf-dist/tex/latex/beamer/beamerbaset
itle.sty)
(c:/Users/simon/AppData/Roaming/TinyTeX/texmf-dist/tex/latex/beamer/beamerbases
ection.sty
\c@lecture=\count297
\c@part=\count298
\c@section=\count299
\c@subsection=\count300
\c@subsubsection=\count301
)
(c:/Users/simon/AppData/Roaming/TinyTeX/texmf-dist/tex/latex/beamer/beamerbasef
rame.sty
\beamer@framebox=\box62
\beamer@frametitlebox=\box63
\beamer@zoombox=\box64
\beamer@zoomcount=\count302
\beamer@zoomframecount=\count303
\beamer@frametextheight=\dimen261
\c@subsectionslide=\count304
\beamer@frametopskip=\skip51
\beamer@framebottomskip=\skip52
\beamer@frametopskipautobreak=\skip53
\beamer@framebottomskipautobreak=\skip54
\beamer@envbody=\toks28
\framewidth=\dimen262
\c@framenumber=\count305
)
(c:/Users/simon/AppData/Roaming/TinyTeX/texmf-dist/tex/latex/beamer/beamerbasev
erbatim.sty
\beamer@verbatimfileout=\write4
)
(c:/Users/simon/AppData/Roaming/TinyTeX/texmf-dist/tex/latex/beamer/beamerbasef
ramesize.sty
\beamer@splitbox=\box65
\beamer@autobreakcount=\count306
\beamer@autobreaklastheight=\dimen263
\beamer@frametitletoks=\toks29
\beamer@framesubtitletoks=\toks30
)
(c:/Users/simon/AppData/Roaming/TinyTeX/texmf-dist/tex/latex/beamer/beamerbasef
ramecomponents.sty
\beamer@footins=\box66
)
(c:/Users/simon/AppData/Roaming/TinyTeX/texmf-dist/tex/latex/beamer/beamerbasec
olor.sty)
(c:/Users/simon/AppData/Roaming/TinyTeX/texmf-dist/tex/latex/beamer/beamerbasen
otes.sty
\beamer@frameboxcopy=\box67
)
(c:/Users/simon/AppData/Roaming/TinyTeX/texmf-dist/tex/latex/beamer/beamerbaset
oc.sty)
(c:/Users/simon/AppData/Roaming/TinyTeX/texmf-dist/tex/latex/beamer/beamerbaset
emplates.sty
\beamer@sbttoks=\toks31

(c:/Users/simon/AppData/Roaming/TinyTeX/texmf-dist/tex/latex/beamer/beamerbasea
uxtemplates.sty
(c:/Users/simon/AppData/Roaming/TinyTeX/texmf-dist/tex/latex/beamer/beamerbaseb
oxes.sty
\bmb@box=\box68
\bmb@colorbox=\box69
\bmb@boxwidth=\dimen264
\bmb@boxheight=\dimen265
\bmb@prevheight=\dimen266
\bmb@temp=\dimen267
\bmb@dima=\dimen268
\bmb@dimb=\dimen269
\bmb@prevheight=\dimen270
)
\beamer@blockheadheight=\dimen271
))
(c:/Users/simon/AppData/Roaming/TinyTeX/texmf-dist/tex/latex/beamer/beamerbasel
ocalstructure.sty
(c:/Users/simon/AppData/Roaming/TinyTeX/texmf-dist/tex/latex/tools/enumerate.st
y
Package: enumerate 2015/07/23 v3.00 enumerate extensions (DPC)
\@enLab=\toks32
)
\beamer@bibiconwidth=\skip55
\c@figure=\count307
\c@table=\count308
\abovecaptionskip=\skip56
\belowcaptionskip=\skip57
)
(c:/Users/simon/AppData/Roaming/TinyTeX/texmf-dist/tex/latex/beamer/beamerbasen
avigation.sty
\beamer@section@min@dim=\dimen272
)
(c:/Users/simon/AppData/Roaming/TinyTeX/texmf-dist/tex/latex/beamer/beamerbaset
heorems.sty
(c:/Users/simon/AppData/Roaming/TinyTeX/texmf-dist/tex/latex/amsmath/amsmath.st
y
Package: amsmath 2020/09/23 v2.17i AMS math features
\@mathmargin=\skip58

For additional information on amsmath, use the `?' option.

(c:/Users/simon/AppData/Roaming/TinyTeX/texmf-dist/tex/latex/amsmath/amstext.st
y
Package: amstext 2000/06/29 v2.01 AMS text

(c:/Users/simon/AppData/Roaming/TinyTeX/texmf-dist/tex/latex/amsmath/amsgen.sty
File: amsgen.sty 1999/11/30 v2.0 generic functions
\@emptytoks=\toks33
\ex@=\dimen273
))
(c:/Users/simon/AppData/Roaming/TinyTeX/texmf-dist/tex/latex/amsmath/amsbsy.sty
Package: amsbsy 1999/11/29 v1.2d Bold Symbols
\pmbraise@=\dimen274
)
(c:/Users/simon/AppData/Roaming/TinyTeX/texmf-dist/tex/latex/amsmath/amsopn.sty
Package: amsopn 2016/03/08 v2.02 operator names
)
\inf@bad=\count309
LaTeX Info: Redefining \frac on input line 234.
\uproot@=\count310
\leftroot@=\count311
LaTeX Info: Redefining \overline on input line 399.
\classnum@=\count312
\DOTSCASE@=\count313
LaTeX Info: Redefining \ldots on input line 496.
LaTeX Info: Redefining \dots on input line 499.
LaTeX Info: Redefining \cdots on input line 620.
\Mathstrutbox@=\box70
\strutbox@=\box71
\big@size=\dimen275
LaTeX Font Info:    Redeclaring font encoding OML on input line 743.
LaTeX Font Info:    Redeclaring font encoding OMS on input line 744.
\macc@depth=\count314
\c@MaxMatrixCols=\count315
\dotsspace@=\muskip17
\c@parentequation=\count316
\dspbrk@lvl=\count317
\tag@help=\toks34
\row@=\count318
\column@=\count319
\maxfields@=\count320
\andhelp@=\toks35
\eqnshift@=\dimen276
\alignsep@=\dimen277
\tagshift@=\dimen278
\tagwidth@=\dimen279
\totwidth@=\dimen280
\lineht@=\dimen281
\@envbody=\toks36
\multlinegap=\skip59
\multlinetaggap=\skip60
\mathdisplay@stack=\toks37
LaTeX Info: Redefining \[ on input line 2923.
LaTeX Info: Redefining \] on input line 2924.
)
(c:/Users/simon/AppData/Roaming/TinyTeX/texmf-dist/tex/latex/amscls/amsthm.sty
Package: amsthm 2020/05/29 v2.20.6
\thm@style=\toks38
\thm@bodyfont=\toks39
\thm@headfont=\toks40
\thm@notefont=\toks41
\thm@headpunct=\toks42
\thm@preskip=\skip61
\thm@postskip=\skip62
\thm@headsep=\skip63
\dth@everypar=\toks43
)
\c@theorem=\count321
)
(c:/Users/simon/AppData/Roaming/TinyTeX/texmf-dist/tex/latex/beamer/beamerbaset
hemes.sty))
(c:/Users/simon/AppData/Roaming/TinyTeX/texmf-dist/tex/latex/beamer/beamertheme
default.sty
(c:/Users/simon/AppData/Roaming/TinyTeX/texmf-dist/tex/latex/beamer/beamerfontt
hemedefault.sty)
(c:/Users/simon/AppData/Roaming/TinyTeX/texmf-dist/tex/latex/beamer/beamercolor
themedefault.sty)
(c:/Users/simon/AppData/Roaming/TinyTeX/texmf-dist/tex/latex/beamer/beamerinner
themedefault.sty
\beamer@dima=\dimen282
\beamer@dimb=\dimen283
)
(c:/Users/simon/AppData/Roaming/TinyTeX/texmf-dist/tex/latex/beamer/beamerouter
themedefault.sty)))
(c:/Users/simon/AppData/Roaming/TinyTeX/texmf-dist/tex/latex/framed/framed.sty
Package: framed 2011/10/22 v 0.96: framed or shaded text with page breaks
\OuterFrameSep=\skip64
\fb@frw=\dimen284
\fb@frh=\dimen285
\FrameRule=\dimen286
\FrameSep=\dimen287
) (c:/Users/simon/AppData/Roaming/TinyTeX/texmf-dist/tex/latex/base/alltt.sty
Package: alltt 1997/06/16 v2.0g defines alltt environment
)
(c:/Users/simon/AppData/Roaming/TinyTeX/texmf-dist/tex/latex/beamer/beamertheme
Goettingen.sty
(c:/Users/simon/AppData/Roaming/TinyTeX/texmf-dist/tex/latex/beamer/beamerouter
themesidebar.sty
\beamer@sidebarwidth=\dimen288
\beamer@headheight=\dimen289
))
(c:/Users/simon/AppData/Roaming/TinyTeX/texmf-dist/tex/latex/base/inputenc.sty
Package: inputenc 2020/08/01 v1.3d Input encoding file
\inpenc@prehook=\toks44
\inpenc@posthook=\toks45
) (c:/Users/simon/AppData/Roaming/TinyTeX/texmf-dist/tex/generic/babel/babel.st
y
Package: babel 2021/04/07 3.57 The Babel package
(c:/Users/simon/AppData/Roaming/TinyTeX/texmf-dist/tex/generic/babel/babel.def
File: babel.def 2021/04/07 3.57 Babel common definitions
\babel@savecnt=\count322
\U@D=\dimen290
\l@babelnohyphens=\language8

(c:/Users/simon/AppData/Roaming/TinyTeX/texmf-dist/tex/generic/babel/txtbabel.d
ef)
\bbl@readstream=\read3
)
LaTeX Info: Redefining \textlatin on input line 717.
\bbl@dirlevel=\count323
Package babel Info: You haven't specified a language. I'll use 'nil'
(babel)             as the main language. Reported on input line 1160.

(c:/Users/simon/AppData/Roaming/TinyTeX/texmf-dist/tex/generic/babel/nil.ldf
Language: nil 2021/04/07 3.57 Nil language
\l@nil=\language9
))
(c:/Users/simon/AppData/Roaming/TinyTeX/texmf-dist/tex/latex/mathtools/mathtool
s.sty
Package: mathtools 2021/04/12 v1.27 mathematical typesetting tools

(c:/Users/simon/AppData/Roaming/TinyTeX/texmf-dist/tex/latex/tools/calc.sty
Package: calc 2017/05/25 v4.3 Infix arithmetic (KKT,FJ)
\calc@Acount=\count324
\calc@Bcount=\count325
\calc@Adimen=\dimen291
\calc@Bdimen=\dimen292
\calc@Askip=\skip65
\calc@Bskip=\skip66
LaTeX Info: Redefining \setlength on input line 80.
LaTeX Info: Redefining \addtolength on input line 81.
\calc@Ccount=\count326
\calc@Cskip=\skip67
)
(c:/Users/simon/AppData/Roaming/TinyTeX/texmf-dist/tex/latex/mathtools/mhsetup.
sty
Package: mhsetup 2021/03/18 v1.4 programming setup (MH)
)
LaTeX Info: Thecontrolsequence`\('isalreadyrobust on input line 130.
LaTeX Info: Thecontrolsequence`\)'isalreadyrobust on input line 130.
LaTeX Info: Thecontrolsequence`\['isalreadyrobust on input line 130.
LaTeX Info: Thecontrolsequence`\]'isalreadyrobust on input line 130.
\g_MT_multlinerow_int=\count327
\l_MT_multwidth_dim=\dimen293
\origjot=\skip68
\l_MT_shortvdotswithinadjustabove_dim=\dimen294
\l_MT_shortvdotswithinadjustbelow_dim=\dimen295
\l_MT_above_intertext_sep=\dimen296
\l_MT_below_intertext_sep=\dimen297
\l_MT_above_shortintertext_sep=\dimen298
\l_MT_below_shortintertext_sep=\dimen299
\xmathstrut@box=\box72
\xmathstrut@dim=\dimen300
)
(c:/Users/simon/AppData/Roaming/TinyTeX/texmf-dist/tex/latex/mnsymbol/MnSymbol.
sty
Package: MnSymbol 2007/01/21 v1.4 support for the MnSymbol font

(c:/Users/simon/AppData/Roaming/TinyTeX/texmf-dist/tex/latex/base/textcomp.sty
Package: textcomp 2020/02/02 v2.0n Standard LaTeX package
)
LaTeX Info: Redefining \dagger on input line 84.
LaTeX Info: Redefining \ddagger on input line 84.
LaTeX Info: Redefining \mathparagraph on input line 84.
LaTeX Info: Redefining \mathsection on input line 84.
LaTeX Info: Redefining \mathdollar on input line 84.
LaTeX Info: Redefining \mathsterling on input line 84.
LaTeX Info: Redefining \yen on input line 84.
LaTeX Info: Redefining \circledR on input line 84.
LaTeX Info: Redefining \circledS on input line 84.
LaTeX Info: Redefining \Re on input line 84.
LaTeX Info: Redefining \Im on input line 84.
LaTeX Info: Redefining \dotplus on input line 84.
LaTeX Info: Redefining \thicksim on input line 84.
LaTeX Info: Redefining \thickapprox on input line 84.
LaTeX Info: Redefining \veebar on input line 84.
LaTeX Info: Redefining \barwedge on input line 84.
LaTeX Info: Redefining \doublebarwedge on input line 84.
LaTeX Info: Redefining \centerdot on input line 84.
LaTeX Info: Redefining \divideontimes on input line 84.
\symMnSyA=\mathgroup6
\symMnSyB=\mathgroup7
\symMnSyC=\mathgroup8
\symMnSyD=\mathgroup9
LaTeX Font Info:    Redeclaring symbol font `largesymbols' on input line 119.
LaTeX Font Info:    Overwriting symbol font `largesymbols' in version `normal'
(Font)                  OMX/cmex/m/n --> OMX/MnSymbolE/m/n on input line 119.
LaTeX Font Info:    Overwriting symbol font `largesymbols' in version `bold'
(Font)                  OMX/cmex/m/n --> OMX/MnSymbolE/m/n on input line 119.
LaTeX Font Info:    Redeclaring symbol font `symbols' on input line 120.
LaTeX Font Info:    Encoding `OMS' has changed to `U' for symbol font
(Font)              `symbols' in the math version `normal' on input line 120.
LaTeX Font Info:    Overwriting symbol font `symbols' in version `normal'
(Font)                  OMS/cmsy/m/n --> U/MnSymbolF/m/n on input line 120.
LaTeX Font Info:    Encoding `OMS' has changed to `U' for symbol font
(Font)              `symbols' in the math version `bold' on input line 120.
LaTeX Font Info:    Overwriting symbol font `symbols' in version `bold'
(Font)                  OMS/cmsy/b/n --> U/MnSymbolF/m/n on input line 120.
LaTeX Font Info:    Overwriting symbol font `MnSyA' in version `bold'
(Font)                  U/MnSymbolA/m/n --> U/MnSymbolA/b/n on input line 121.
LaTeX Font Info:    Overwriting symbol font `MnSyB' in version `bold'
(Font)                  U/MnSymbolB/m/n --> U/MnSymbolB/b/n on input line 122.
LaTeX Font Info:    Overwriting symbol font `MnSyC' in version `bold'
(Font)                  U/MnSymbolC/m/n --> U/MnSymbolC/b/n on input line 123.
LaTeX Font Info:    Overwriting symbol font `MnSyD' in version `bold'
(Font)                  U/MnSymbolD/m/n --> U/MnSymbolD/b/n on input line 124.
LaTeX Font Info:    Overwriting symbol font `largesymbols' in version `bold'
(Font)                  OMX/MnSymbolE/m/n --> OMX/MnSymbolE/b/n on input line 1
25.
LaTeX Font Info:    Overwriting symbol font `symbols' in version `bold'
(Font)                  U/MnSymbolF/m/n --> U/MnSymbolF/b/n on input line 126.
LaTeX Font Info:    Redeclaring math alphabet \mathcal on input line 241.
LaTeX Font Info:    Overwriting math alphabet `\mathcal' in version `bold'
(Font)                  OMS/MnSymbolS/m/n --> OMS/MnSymbolS/b/n on input line 2
41.
LaTeX Info: Redefining \longrightarrow on input line 548.
LaTeX Info: Redefining \longleftarrow on input line 549.
LaTeX Info: Redefining \longleftrightarrow on input line 550.
LaTeX Info: Redefining \Longrightarrow on input line 551.
LaTeX Info: Redefining \Longleftarrow on input line 552.
LaTeX Info: Redefining \Longleftrightarrow on input line 553.
LaTeX Info: Redefining \longmapsto on input line 554.
LaTeX Info: Redefining \vdots on input line 868.
LaTeX Font Info:    Redeclaring math symbol \braceld on input line 1721.
LaTeX Font Info:    Redeclaring math symbol \bracelu on input line 1722.
LaTeX Font Info:    Redeclaring math symbol \bracerd on input line 1723.
LaTeX Font Info:    Redeclaring math symbol \braceru on input line 1724.
LaTeX Info: Redefining \downbracefill on input line 1799.
LaTeX Info: Redefining \upbracefill on input line 1800.
LaTeX Info: Redefining \overbrace on input line 1819.
LaTeX Info: Redefining \underbrace on input line 1820.
LaTeX Info: Redefining \surd on input line 1843.
LaTeX Font Info:    Redeclaring math accent \widehat on input line 1845.
LaTeX Font Info:    Redeclaring math accent \widetilde on input line 1846.
LaTeX Font Info:    Redeclaring math accent \vec on input line 1848.
)
(c:/Users/simon/AppData/Roaming/TinyTeX/texmf-dist/tex/latex/eurosym/eurosym.st
y
Package: eurosym 1998/08/06 v1.1 European currency symbol ``Euro''
\@eurobox=\box73
)
(c:/Users/simon/AppData/Roaming/TinyTeX/texmf-dist/tex/latex/grffile/grffile.st
y
Package: grffile 2019/11/11 v2.1 Extended file name support for graphics (legac
y)
Package grffile Info: This package is an empty stub for compatibility on input 
line 40.
)
(c:/Users/simon/AppData/Roaming/TinyTeX/texmf-dist/tex/latex/l3backend/l3backen
d-pdftex.def
File: l3backend-pdftex.def 2021-03-18 L3 backend support: PDF output (pdfTeX)
\l__color_backend_stack_int=\count328
\l__pdf_internal_box=\box74
) (./11-Slides.aux)
\openout1 = `11-Slides.aux'.

LaTeX Font Info:    Checking defaults for OML/cmm/m/it on input line 116.
LaTeX Font Info:    ... okay on input line 116.
LaTeX Font Info:    Checking defaults for OMS/cmsy/m/n on input line 116.
LaTeX Font Info:    ... okay on input line 116.
LaTeX Font Info:    Checking defaults for OT1/cmr/m/n on input line 116.
LaTeX Font Info:    ... okay on input line 116.
LaTeX Font Info:    Checking defaults for T1/cmr/m/n on input line 116.
LaTeX Font Info:    ... okay on input line 116.
LaTeX Font Info:    Checking defaults for TS1/cmr/m/n on input line 116.
LaTeX Font Info:    ... okay on input line 116.
LaTeX Font Info:    Checking defaults for OMX/cmex/m/n on input line 116.
LaTeX Font Info:    ... okay on input line 116.
LaTeX Font Info:    Checking defaults for U/cmr/m/n on input line 116.
LaTeX Font Info:    ... okay on input line 116.
LaTeX Font Info:    Checking defaults for PD1/pdf/m/n on input line 116.
LaTeX Font Info:    ... okay on input line 116.
LaTeX Font Info:    Checking defaults for PU/pdf/m/n on input line 116.
LaTeX Font Info:    ... okay on input line 116.

*geometry* driver: auto-detecting
*geometry* detected driver: pdftex
*geometry* verbose mode - [ preamble ] result:
* driver: pdftex
* paper: custom
* layout: <same size as paper>
* layoutoffset:(h,v)=(0.0pt,0.0pt)
* modes: includehead includefoot 
* h-part:(L,W,R)=(14.22636pt, 278.83713pt, 71.13187pt)
* v-part:(T,H,B)=(0.0pt, 273.14662pt, 0.0pt)
* \paperwidth=364.19536pt
* \paperheight=273.14662pt
* \textwidth=278.83713pt
* \textheight=244.6939pt
* \oddsidemargin=-58.04362pt
* \evensidemargin=-58.04362pt
* \topmargin=-72.26999pt
* \headheight=14.22636pt
* \headsep=0.0pt
* \topskip=11.0pt
* \footskip=14.22636pt
* \marginparwidth=4.0pt
* \marginparsep=10.0pt
* \columnsep=10.0pt
* \skip\footins=10.0pt plus 4.0pt minus 2.0pt
* \hoffset=0.0pt
* \voffset=0.0pt
* \mag=1000
* \@twocolumnfalse
* \@twosidefalse
* \@mparswitchfalse
* \@reversemarginfalse
* (1in=72.27pt=25.4mm, 1cm=28.453pt)


(c:/Users/simon/AppData/Roaming/TinyTeX/texmf-dist/tex/latex/epstopdf-pkg/epsto
pdf-base.sty
Package: epstopdf-base 2020-01-24 v2.11 Base part for package epstopdf
Package epstopdf-base Info: Redefining graphics rule for `.eps' on input line 4
85.

(c:/Users/simon/AppData/Roaming/TinyTeX/texmf-dist/tex/latex/latexconfig/epstop
df-sys.cfg
File: epstopdf-sys.cfg 2010/07/13 v1.3 Configuration of (r)epstopdf for TeX Liv
e
))
Package hyperref Info: Link coloring OFF on input line 116.

(c:/Users/simon/AppData/Roaming/TinyTeX/texmf-dist/tex/latex/hyperref/nameref.s
ty
Package: nameref 2021-04-02 v2.47 Cross-referencing by name of section

(c:/Users/simon/AppData/Roaming/TinyTeX/texmf-dist/tex/latex/refcount/refcount.
sty
Package: refcount 2019/12/15 v3.6 Data extraction from label references (HO)
)
(c:/Users/simon/AppData/Roaming/TinyTeX/texmf-dist/tex/generic/gettitlestring/g
ettitlestring.sty
Package: gettitlestring 2019/12/15 v1.6 Cleanup title references (HO)
)
\c@section@level=\count329
)
LaTeX Info: Redefining \ref on input line 116.
LaTeX Info: Redefining \pageref on input line 116.
LaTeX Info: Redefining \nameref on input line 116.
 (./11-Slides.out) (./11-Slides.out)
\@outlinefile=\write5
\openout5 = `11-Slides.out'.

LaTeX Font Info:    Overwriting symbol font `operators' in version `normal'
(Font)                  OT1/cmr/m/n --> OT1/cmss/m/n on input line 116.
LaTeX Font Info:    Overwriting symbol font `operators' in version `bold'
(Font)                  OT1/cmr/bx/n --> OT1/cmss/b/n on input line 116.
\symnumbers=\mathgroup10
\sympureletters=\mathgroup11
LaTeX Font Info:    Overwriting math alphabet `\mathrm' in version `normal'
(Font)                  OT1/cmss/m/n --> OT1/cmr/m/n on input line 116.
LaTeX Font Info:    Redeclaring math alphabet \mathbf on input line 116.
LaTeX Font Info:    Overwriting math alphabet `\mathbf' in version `normal'
(Font)                  OT1/cmr/bx/n --> OT1/cmss/b/n on input line 116.
LaTeX Font Info:    Overwriting math alphabet `\mathbf' in version `bold'
(Font)                  OT1/cmr/bx/n --> OT1/cmss/b/n on input line 116.
LaTeX Font Info:    Redeclaring math alphabet \mathsf on input line 116.
LaTeX Font Info:    Overwriting math alphabet `\mathsf' in version `normal'
(Font)                  OT1/cmss/m/n --> OT1/cmss/m/n on input line 116.
LaTeX Font Info:    Overwriting math alphabet `\mathsf' in version `bold'
(Font)                  OT1/cmss/bx/n --> OT1/cmss/m/n on input line 116.
LaTeX Font Info:    Redeclaring math alphabet \mathit on input line 116.
LaTeX Font Info:    Overwriting math alphabet `\mathit' in version `normal'
(Font)                  OT1/cmr/m/it --> OT1/cmss/m/it on input line 116.
LaTeX Font Info:    Overwriting math alphabet `\mathit' in version `bold'
(Font)                  OT1/cmr/bx/it --> OT1/cmss/m/it on input line 116.
LaTeX Font Info:    Redeclaring math alphabet \mathtt on input line 116.
LaTeX Font Info:    Overwriting math alphabet `\mathtt' in version `normal'
(Font)                  OT1/cmtt/m/n --> OT1/cmtt/m/n on input line 116.
LaTeX Font Info:    Overwriting math alphabet `\mathtt' in version `bold'
(Font)                  OT1/cmtt/m/n --> OT1/cmtt/m/n on input line 116.
LaTeX Font Info:    Overwriting symbol font `numbers' in version `bold'
(Font)                  OT1/cmss/m/n --> OT1/cmss/b/n on input line 116.
LaTeX Font Info:    Overwriting symbol font `pureletters' in version `bold'
(Font)                  OT1/cmss/m/it --> OT1/cmss/b/it on input line 116.
LaTeX Font Info:    Overwriting math alphabet `\mathrm' in version `bold'
(Font)                  OT1/cmss/b/n --> OT1/cmr/b/n on input line 116.
LaTeX Font Info:    Overwriting math alphabet `\mathbf' in version `bold'
(Font)                  OT1/cmss/b/n --> OT1/cmss/b/n on input line 116.
LaTeX Font Info:    Overwriting math alphabet `\mathsf' in version `bold'
(Font)                  OT1/cmss/m/n --> OT1/cmss/b/n on input line 116.
LaTeX Font Info:    Overwriting math alphabet `\mathit' in version `bold'
(Font)                  OT1/cmss/m/it --> OT1/cmss/b/it on input line 116.
LaTeX Font Info:    Overwriting math alphabet `\mathtt' in version `bold'
(Font)                  OT1/cmtt/m/n --> OT1/cmtt/b/n on input line 116.

(c:/Users/simon/AppData/Roaming/TinyTeX/texmf-dist/tex/latex/translator/transla
tor-basic-dictionary-English.dict
Dictionary: translator-basic-dictionary, Language: English 
)
(c:/Users/simon/AppData/Roaming/TinyTeX/texmf-dist/tex/latex/translator/transla
tor-bibliography-dictionary-English.dict
Dictionary: translator-bibliography-dictionary, Language: English 
)
(c:/Users/simon/AppData/Roaming/TinyTeX/texmf-dist/tex/latex/translator/transla
tor-environment-dictionary-English.dict
Dictionary: translator-environment-dictionary, Language: English 
)
(c:/Users/simon/AppData/Roaming/TinyTeX/texmf-dist/tex/latex/translator/transla
tor-months-dictionary-English.dict
Dictionary: translator-months-dictionary, Language: English 
)
(c:/Users/simon/AppData/Roaming/TinyTeX/texmf-dist/tex/latex/translator/transla
tor-numbers-dictionary-English.dict
Dictionary: translator-numbers-dictionary, Language: English 
)
(c:/Users/simon/AppData/Roaming/TinyTeX/texmf-dist/tex/latex/translator/transla
tor-theorem-dictionary-English.dict
Dictionary: translator-theorem-dictionary, Language: English 
) (./11-Slides.nav) [1{c:/Users/simon/AppData/Roaming/TinyTeX/texmf-var/fonts/m
ap/pdftex/updmap/pdftex.map}

]
(./11-Slides.toc) [2

] [3

]
LaTeX Font Info:    Trying to load font information for U+msa on input line 151
.

(c:/Users/simon/AppData/Roaming/TinyTeX/texmf-dist/tex/latex/amsfonts/umsa.fd
File: umsa.fd 2013/01/14 v3.01 AMS symbols A
)
LaTeX Font Info:    Trying to load font information for U+msb on input line 151
.

(c:/Users/simon/AppData/Roaming/TinyTeX/texmf-dist/tex/latex/amsfonts/umsb.fd
File: umsb.fd 2013/01/14 v3.01 AMS symbols B
)
<Graphics/D_on_Y.png, id=147, 359.09157pt x 45.92157pt>
File: Graphics/D_on_Y.png Graphic file (type png)
<use Graphics/D_on_Y.png>
Package pdftex.def Info: Graphics/D_on_Y.png  used on input line 151.
(pdftex.def)             Requested size: 195.18513pt x 24.96123pt.

[4

 <./Graphics/D_on_Y.png>] [5

] [6

]
Overfull \vbox (0.3311pt too high) detected at line 188
 []

[7

]
<Graphics/D_on_Y_names.png, id=277, 441.14813pt x 91.09032pt>
File: Graphics/D_on_Y_names.png Graphic file (type png)
<use Graphics/D_on_Y_names.png>
Package pdftex.def Info: Graphics/D_on_Y_names.png  used on input line 202.
(pdftex.def)             Requested size: 195.18513pt x 40.30223pt.
 [8

 <./Graphics/D_on_Y_names.png>]
File: Graphics/D_on_Y_names.png Graphic file (type png)
<use Graphics/D_on_Y_names.png>
Package pdftex.def Info: Graphics/D_on_Y_names.png  used on input line 216.
(pdftex.def)             Requested size: 195.18513pt x 40.30223pt.
 [9

] [10

]
Overfull \hbox (1.70505pt too wide) in paragraph at lines 251--251
 [] 
 []

[11

] [12

] [13

] [14

]
<Graphics/ATT.png, id=502, 707.64375pt x 294.34969pt>
File: Graphics/ATT.png Graphic file (type png)
<use Graphics/ATT.png>
Package pdftex.def Info: Graphics/ATT.png  used on input line 303.
(pdftex.def)             Requested size: 278.83713pt x 115.98613pt.
 [15

 <./Graphics/ATT.png>]
<Graphics/ATNT.png, id=535, 733.23938pt x 279.29344pt>
File: Graphics/ATNT.png Graphic file (type png)
<use Graphics/ATNT.png>
Package pdftex.def Info: Graphics/ATNT.png  used on input line 317.
(pdftex.def)             Requested size: 278.83713pt x 106.20932pt.
 [16

 <./Graphics/ATNT.png>]
<Graphics/ATE.png, id=568, 807.015pt x 315.42844pt>
File: Graphics/ATE.png Graphic file (type png)
<use Graphics/ATE.png>
Package pdftex.def Info: Graphics/ATE.png  used on input line 331.
(pdftex.def)             Requested size: 278.83713pt x 108.98656pt.

Overfull \vbox (5.9053pt too high) detected at line 331
 []

[17

 <./Graphics/ATE.png>] [18

] [19

]
File: Graphics/ATT.png Graphic file (type png)
<use Graphics/ATT.png>
Package pdftex.def Info: Graphics/ATT.png  used on input line 357.
(pdftex.def)             Requested size: 139.41856pt x 57.98857pt.
File: Graphics/ATNT.png Graphic file (type png)
<use Graphics/ATNT.png>
Package pdftex.def Info: Graphics/ATNT.png  used on input line 357.
(pdftex.def)             Requested size: 139.41856pt x 53.10466pt.
File: Graphics/ATE.png Graphic file (type png)
<use Graphics/ATE.png>
Package pdftex.def Info: Graphics/ATE.png  used on input line 357.
(pdftex.def)             Requested size: 139.41856pt x 54.49327pt.

Overfull \vbox (10.1092pt too high) detected at line 357
 []

[20

]
<Graphics/Naive.png, id=696, 648.17157pt x 341.77687pt>
File: Graphics/Naive.png Graphic file (type png)
<use Graphics/Naive.png>
Package pdftex.def Info: Graphics/Naive.png  used on input line 370.
(pdftex.def)             Requested size: 278.83713pt x 147.02898pt.

Overfull \vbox (3.59521pt too high) detected at line 370
 []

[21

 <./Graphics/Naive.png>] [22

]
<Graphics/BaselineDifferences.png, id=761, 578.91281pt x 363.60844pt>
File: Graphics/BaselineDifferences.png Graphic file (type png)
<use Graphics/BaselineDifferences.png>
Package pdftex.def Info: Graphics/BaselineDifferences.png  used on input line 4
02.
(pdftex.def)             Requested size: 195.18513pt x 122.59326pt.
 [23

 <./Graphics/BaselineDifferences.png>]
<Graphics/Naive_ATT_Baseline.png, id=794, 715.17188pt x 405.76593pt>
File: Graphics/Naive_ATT_Baseline.png Graphic file (type png)
<use Graphics/Naive_ATT_Baseline.png>
Package pdftex.def Info: Graphics/Naive_ATT_Baseline.png  used on input line 41
5.
(pdftex.def)             Requested size: 223.07054pt x 126.56007pt.

[24

 <./Graphics/Naive_ATT_Baseline.png>] [25

]
<Graphics/Naive_ATNT_Baseline.png, id=858, 737.75626pt x 408.77719pt>
File: Graphics/Naive_ATNT_Baseline.png Graphic file (type png)
<use Graphics/Naive_ATNT_Baseline.png>
Package pdftex.def Info: Graphics/Naive_ATNT_Baseline.png  used on input line 4
41.
(pdftex.def)             Requested size: 223.07054pt x 123.59467pt.

Overfull \vbox (1.72293pt too high) detected at line 441
 []

[26

 <./Graphics/Naive_ATNT_Baseline.png>] [27

] [28

] [29

] [30

] [31

] [32

]
[33

] [34

]
<Graphics/1.NoConfounding.png, id=1142, 445.665pt x 99.37125pt>
File: Graphics/1.NoConfounding.png Graphic file (type png)
<use Graphics/1.NoConfounding.png>
Package pdftex.def Info: Graphics/1.NoConfounding.png  used on input line 573.
(pdftex.def)             Requested size: 223.07054pt x 49.73856pt.


! LaTeX Error: There's no line here to end.

See the LaTeX manual or LaTeX Companion for explanation.
Type  H <return>  for immediate help.
 ...                                              
                                                  
l.573 \end{frame}
                 
Your command was ignored.
Type  I <command> <return>  to replace it with another command,
or  <return>  to continue without it.

[35

 <./Graphics/1.NoConfounding.png>]
File: Graphics/1.NoConfounding.png Graphic file (type png)
<use Graphics/1.NoConfounding.png>
Package pdftex.def Info: Graphics/1.NoConfounding.png  used on input line 588.
(pdftex.def)             Requested size: 223.07054pt x 49.73856pt.
 [36

]
<figure/ExamplesIScatterplot-1.pdf, id=1206, 722.7pt x 433.62pt>
File: figure/ExamplesIScatterplot-1.pdf Graphic file (type pdf)
<use figure/ExamplesIScatterplot-1.pdf>
Package pdftex.def Info: figure/ExamplesIScatterplot-1.pdf  used on input line 
599.
(pdftex.def)             Requested size: 278.83713pt x 167.29819pt.
 [37

 <./figure/ExamplesIScatterplot-1.pdf>]
\openout4 = `11-Slides.vrb'.

 (./11-Slides.vrb) [38

]

! LaTeX Error: There's no line here to end.

See the LaTeX manual or LaTeX Companion for explanation.
Type  H <return>  for immediate help.
 ...                                              
                                                  
l.652 \end{frame}
                 
Your command was ignored.
Type  I <command> <return>  to replace it with another command,
or  <return>  to continue without it.

<Graphics/2.SimpleConfounding-Covered.png, id=1276, 448.67625pt x 213.79875pt>
File: Graphics/2.SimpleConfounding-Covered.png Graphic file (type png)
<use Graphics/2.SimpleConfounding-Covered.png>
Package pdftex.def Info: Graphics/2.SimpleConfounding-Covered.png  used on inpu
t line 652.
(pdftex.def)             Requested size: 167.30397pt x 79.72087pt.

! LaTeX Error: There's no line here to end.

See the LaTeX manual or LaTeX Companion for explanation.
Type  H <return>  for immediate help.
 ...                                              
                                                  
l.652 \end{frame}
                 
Your command was ignored.
Type  I <command> <return>  to replace it with another command,
or  <return>  to continue without it.

[39

 <./Graphics/2.SimpleConfounding-Covered.png>]
File: Graphics/2.SimpleConfounding-Covered.png Graphic file (type png)
<use Graphics/2.SimpleConfounding-Covered.png>
Package pdftex.def Info: Graphics/2.SimpleConfounding-Covered.png  used on inpu
t line 669.
(pdftex.def)             Requested size: 223.07054pt x 106.29558pt.
LaTeX Font Info:    Trying to load font information for OMS+cmss on input line 
669.
LaTeX Font Info:    No file OMScmss.fd. on input line 669.


LaTeX Font Warning: Font shape `OMS/cmss/m/n' undefined
(Font)              using `OMS/cmsy/m/n' instead
(Font)              for symbol `textbraceleft' on input line 669.

[40

]
<figure/ExamplesIIScatterplot-1.pdf, id=1341, 722.7pt x 433.62pt>
File: figure/ExamplesIIScatterplot-1.pdf Graphic file (type pdf)
<use figure/ExamplesIIScatterplot-1.pdf>
Package pdftex.def Info: figure/ExamplesIIScatterplot-1.pdf  used on input line
 680.
(pdftex.def)             Requested size: 278.83713pt x 167.29819pt.
 [41

 <./figure/ExamplesIIScatterplot-1.pdf>]
\openout4 = `11-Slides.vrb'.

 (./11-Slides.vrb) [42

]
\openout4 = `11-Slides.vrb'.


(./11-Slides.vrb) [43

]

! LaTeX Error: There's no line here to end.

See the LaTeX manual or LaTeX Companion for explanation.
Type  H <return>  for immediate help.
 ...                                              
                                                  
l.771 \end{frame}
                 
Your command was ignored.
Type  I <command> <return>  to replace it with another command,
or  <return>  to continue without it.

<Graphics/3.SimpleConfounding-Oversized.png, id=1443, 451.6875pt x 216.05719pt>

File: Graphics/3.SimpleConfounding-Oversized.png Graphic file (type png)
<use Graphics/3.SimpleConfounding-Oversized.png>
Package pdftex.def Info: Graphics/3.SimpleConfounding-Oversized.png  used on in
put line 771.
(pdftex.def)             Requested size: 167.30397pt x 80.0289pt.

! LaTeX Error: There's no line here to end.

See the LaTeX manual or LaTeX Companion for explanation.
Type  H <return>  for immediate help.
 ...                                              
                                                  
l.771 \end{frame}
                 
Your command was ignored.
Type  I <command> <return>  to replace it with another command,
or  <return>  to continue without it.

[44

 <./Graphics/3.SimpleConfounding-Oversized.png>]
File: Graphics/3.SimpleConfounding-Oversized.png Graphic file (type png)
<use Graphics/3.SimpleConfounding-Oversized.png>
Package pdftex.def Info: Graphics/3.SimpleConfounding-Oversized.png  used on in
put line 788.
(pdftex.def)             Requested size: 223.07054pt x 106.70302pt.
 [45

]
<figure/ExamplesIIIScatterplot-1.pdf, id=1506, 722.7pt x 433.62pt>
File: figure/ExamplesIIIScatterplot-1.pdf Graphic file (type pdf)
<use figure/ExamplesIIIScatterplot-1.pdf>
Package pdftex.def Info: figure/ExamplesIIIScatterplot-1.pdf  used on input lin
e 799.
(pdftex.def)             Requested size: 278.83713pt x 167.29819pt.
 [46

 <./figure/ExamplesIIIScatterplot-1.pdf>]
\openout4 = `11-Slides.vrb'.

 (./11-Slides.vrb) [47

]
\openout4 = `11-Slides.vrb'.

 (./11-Slides.vrb) [48

]

! LaTeX Error: There's no line here to end.

See the LaTeX manual or LaTeX Companion for explanation.
Type  H <return>  for immediate help.
 ...                                              
                                                  
l.894 \end{frame}
                 
Your command was ignored.
Type  I <command> <return>  to replace it with another command,
or  <return>  to continue without it.

<Graphics/4.LongBack-doorPath-Oversized.png, id=1607, 438.13687pt x 226.59656pt
>
File: Graphics/4.LongBack-doorPath-Oversized.png Graphic file (type png)
<use Graphics/4.LongBack-doorPath-Oversized.png>
Package pdftex.def Info: Graphics/4.LongBack-doorPath-Oversized.png  used on in
put line 894.
(pdftex.def)             Requested size: 167.30397pt x 86.52594pt.

! LaTeX Error: There's no line here to end.

See the LaTeX manual or LaTeX Companion for explanation.
Type  H <return>  for immediate help.
 ...                                              
                                                  
l.894 \end{frame}
                 
Your command was ignored.
Type  I <command> <return>  to replace it with another command,
or  <return>  to continue without it.

[49

 <./Graphics/4.LongBack-doorPath-Oversized.png>]
File: Graphics/4.LongBack-doorPath-Oversized.png Graphic file (type png)
<use Graphics/4.LongBack-doorPath-Oversized.png>
Package pdftex.def Info: Graphics/4.LongBack-doorPath-Oversized.png  used on in
put line 912.
(pdftex.def)             Requested size: 223.07054pt x 115.36908pt.
 [50

]
<figure/ExamplesIVScatterplot-1.pdf, id=1672, 722.7pt x 433.62pt>
File: figure/ExamplesIVScatterplot-1.pdf Graphic file (type pdf)
<use figure/ExamplesIVScatterplot-1.pdf>
Package pdftex.def Info: figure/ExamplesIVScatterplot-1.pdf  used on input line
 923.
(pdftex.def)             Requested size: 278.83713pt x 167.29819pt.
 [51

 <./figure/ExamplesIVScatterplot-1.pdf>]
\openout4 = `11-Slides.vrb'.

 (./11-Slides.vrb) [52

]
\openout4 = `11-Slides.vrb'.

 (./11-Slides.vrb) [53

]
\openout4 = `11-Slides.vrb'.


(./11-Slides.vrb) [54

]

! LaTeX Error: There's no line here to end.

See the LaTeX manual or LaTeX Companion for explanation.
Type  H <return>  for immediate help.
 ...                                              
                                                  
l.1052 \end{frame}
                  
Your command was ignored.
Type  I <command> <return>  to replace it with another command,
or  <return>  to continue without it.

<Graphics/5.TwoBack-doorpaths-Covered.png, id=1804, 422.32782pt x 258.21469pt>
File: Graphics/5.TwoBack-doorpaths-Covered.png Graphic file (type png)
<use Graphics/5.TwoBack-doorpaths-Covered.png>
Package pdftex.def Info: Graphics/5.TwoBack-doorpaths-Covered.png  used on inpu
t line 1052.
(pdftex.def)             Requested size: 167.30397pt x 102.29115pt.

! LaTeX Error: There's no line here to end.

See the LaTeX manual or LaTeX Companion for explanation.
Type  H <return>  for immediate help.
 ...                                              
                                                  
l.1052 \end{frame}
                  
Your command was ignored.
Type  I <command> <return>  to replace it with another command,
or  <return>  to continue without it.

[55

 <./Graphics/5.TwoBack-doorpaths-Covered.png>]
File: Graphics/5.TwoBack-doorpaths-Covered.png Graphic file (type png)
<use Graphics/5.TwoBack-doorpaths-Covered.png>
Package pdftex.def Info: Graphics/5.TwoBack-doorpaths-Covered.png  used on inpu
t line 1072.
(pdftex.def)             Requested size: 139.41856pt x 85.24261pt.
 [56

]
<figure/ExamplesVScatterplot-1.pdf, id=1869, 722.7pt x 433.62pt>
File: figure/ExamplesVScatterplot-1.pdf Graphic file (type pdf)
<use figure/ExamplesVScatterplot-1.pdf>
Package pdftex.def Info: figure/ExamplesVScatterplot-1.pdf  used on input line 
1083.
(pdftex.def)             Requested size: 278.83713pt x 167.29819pt.
 [57

 <./figure/ExamplesVScatterplot-1.pdf>]
\openout4 = `11-Slides.vrb'.

 (./11-Slides.vrb) [58

]
\openout4 = `11-Slides.vrb'.

 (./11-Slides.vrb) [59

]
\openout4 = `11-Slides.vrb'.


(./11-Slides.vrb) [60

]
\openout4 = `11-Slides.vrb'.

 (./11-Slides.vrb) [61

]

! LaTeX Error: There's no line here to end.

See the LaTeX manual or LaTeX Companion for explanation.
Type  H <return>  for immediate help.
 ...                                              
                                                  
l.1252 \end{frame}
                  
Your command was ignored.
Type  I <command> <return>  to replace it with another command,
or  <return>  to continue without it.

<Graphics/6.TwoBack-doorpaths-Covered(missings).png, id=2033, 419.31656pt x 258
.21469pt>
File: Graphics/6.TwoBack-doorpaths-Covered(missings).png Graphic file (type png
)
<use Graphics/6.TwoBack-doorpaths-Covered(missings).png>
Package pdftex.def Info: Graphics/6.TwoBack-doorpaths-Covered(missings).png  us
ed on input line 1252.
(pdftex.def)             Requested size: 167.30397pt x 103.02399pt.

! LaTeX Error: There's no line here to end.

See the LaTeX manual or LaTeX Companion for explanation.
Type  H <return>  for immediate help.
 ...                                              
                                                  
l.1252 \end{frame}
                  
Your command was ignored.
Type  I <command> <return>  to replace it with another command,
or  <return>  to continue without it.

[62

 <./Graphics/6.TwoBack-doorpaths-Covered(missings).png>]
File: Graphics/6.TwoBack-doorpaths-Covered(missings).png Graphic file (type png
)
<use Graphics/6.TwoBack-doorpaths-Covered(missings).png>
Package pdftex.def Info: Graphics/6.TwoBack-doorpaths-Covered(missings).png  us
ed on input line 1270.
(pdftex.def)             Requested size: 139.41856pt x 85.85333pt.
 [63

]

! LaTeX Error: There's no line here to end.

See the LaTeX manual or LaTeX Companion for explanation.
Type  H <return>  for immediate help.
 ...                                              
                                                  
l.1290 \end{frame}
                  
Your command was ignored.
Type  I <command> <return>  to replace it with another command,
or  <return>  to continue without it.

<Graphics/6.TwoBack-doorpaths-Covered(moremissings).png, id=2097, 426.84468pt x
 266.49562pt>
File: Graphics/6.TwoBack-doorpaths-Covered(moremissings).png Graphic file (type
 png)
<use Graphics/6.TwoBack-doorpaths-Covered(moremissings).png>
Package pdftex.def Info: Graphics/6.TwoBack-doorpaths-Covered(moremissings).png
  used on input line 1290.
(pdftex.def)             Requested size: 167.30397pt x 104.45743pt.

! LaTeX Error: There's no line here to end.

See the LaTeX manual or LaTeX Companion for explanation.
Type  H <return>  for immediate help.
 ...                                              
                                                  
l.1290 \end{frame}
                  
Your command was ignored.
Type  I <command> <return>  to replace it with another command,
or  <return>  to continue without it.

[64

 <./Graphics/6.TwoBack-doorpaths-Covered(moremissings).png>]
File: Graphics/6.TwoBack-doorpaths-Covered(moremissings).png Graphic file (type
 png)
<use Graphics/6.TwoBack-doorpaths-Covered(moremissings).png>
Package pdftex.def Info: Graphics/6.TwoBack-doorpaths-Covered(moremissings).png
  used on input line 1311.
(pdftex.def)             Requested size: 139.41856pt x 87.04515pt.

Overfull \vbox (13.1679pt too high) detected at line 1311
 []

[65

]
\openout4 = `11-Slides.vrb'.

 (./11-Slides.vrb) [66

]
\openout4 = `11-Slides.vrb'.

 (./11-Slides.vrb) [67

]

! LaTeX Error: There's no line here to end.

See the LaTeX manual or LaTeX Companion for explanation.
Type  H <return>  for immediate help.
 ...                                              
                                                  
l.1404 \end{frame}
                  
Your command was ignored.
Type  I <command> <return>  to replace it with another command,
or  <return>  to continue without it.

<Graphics/7.Collider.png, id=2224, 493.845pt x 222.8325pt>
File: Graphics/7.Collider.png Graphic file (type png)
<use Graphics/7.Collider.png>
Package pdftex.def Info: Graphics/7.Collider.png  used on input line 1404.
(pdftex.def)             Requested size: 167.30397pt x 75.49004pt.

! LaTeX Error: There's no line here to end.

See the LaTeX manual or LaTeX Companion for explanation.
Type  H <return>  for immediate help.
 ...                                              
                                                  
l.1404 \end{frame}
                  
Your command was ignored.
Type  I <command> <return>  to replace it with another command,
or  <return>  to continue without it.

[68

 <./Graphics/7.Collider.png>]
File: Graphics/7.Collider.png Graphic file (type png)
<use Graphics/7.Collider.png>
Package pdftex.def Info: Graphics/7.Collider.png  used on input line 1421.
(pdftex.def)             Requested size: 139.41856pt x 62.90608pt.
 [69

]
<figure/ExamplesVIIIScatterplot-1.pdf, id=2288, 722.7pt x 433.62pt>
File: figure/ExamplesVIIIScatterplot-1.pdf Graphic file (type pdf)
<use figure/ExamplesVIIIScatterplot-1.pdf>
Package pdftex.def Info: figure/ExamplesVIIIScatterplot-1.pdf  used on input li
ne 1432.
(pdftex.def)             Requested size: 278.83713pt x 167.29819pt.
 [70

 <./figure/ExamplesVIIIScatterplot-1.pdf>]
\openout4 = `11-Slides.vrb'.

 (./11-Slides.vrb) [71

]
\openout4 = `11-Slides.vrb'.

 (./11-Slides.vrb) [72

] [73

] [74

] [75

] [76

] [77

]
[78

] [79

]
\tf@nav=\write6
\openout6 = `11-Slides.nav'.

\tf@toc=\write7
\openout7 = `11-Slides.toc'.

\tf@snm=\write8
\openout8 = `11-Slides.snm'.

 (./11-Slides.aux)

LaTeX Font Warning: Some font shapes were not available, defaults substituted.

Package rerunfilecheck Info: File `11-Slides.out' has not changed.
(rerunfilecheck)             Checksum: AA58DE60B6BC35C680ADD3769C48FCF4;947.
 ) 
Here is how much of TeX's memory you used:
 24350 strings out of 480901
 441178 string characters out of 5902891
 711304 words of memory out of 5000000
 40870 multiletter control sequences out of 15000+600000
 424665 words of font info for 100 fonts, out of 8000000 for 9000
 14 hyphenation exceptions out of 8191
 112i,29n,116p,478b,558s stack positions out of 5000i,500n,10000p,200000b,80000s
{c:/Users/simon/AppData/Roaming/TinyTeX/texmf-dist/fonts/enc/dvips/mnsymbol/M
nSymbolD.enc}{c:/Users/simon/AppData/Roaming/TinyTeX/texmf-dist/fonts/enc/dvips
/mnsymbol/MnSymbolE.enc}{c:/Users/simon/AppData/Roaming/TinyTeX/texmf-dist/font
s/enc/dvips/mnsymbol/MnSymbolA.enc}{c:/Users/simon/AppData/Roaming/TinyTeX/texm
f-dist/fonts/enc/dvips/mnsymbol/MnSymbolC.enc}<c:/Users/simon/AppData/Roaming/T
inyTeX/texmf-dist/fonts/type1/public/mnsymbol/MnSymbol10.pfb><c:/Users/simon/Ap
pData/Roaming/TinyTeX/texmf-dist/fonts/type1/public/amsfonts/cm/cmmi10.pfb><c:/
Users/simon/AppData/Roaming/TinyTeX/texmf-dist/fonts/type1/public/amsfonts/cm/c
mss10.pfb><c:/Users/simon/AppData/Roaming/TinyTeX/texmf-dist/fonts/type1/public
/amsfonts/cm/cmss12.pfb><c:/Users/simon/AppData/Roaming/TinyTeX/texmf-dist/font
s/type1/public/amsfonts/cm/cmss8.pfb><c:/Users/simon/AppData/Roaming/TinyTeX/te
xmf-dist/fonts/type1/public/amsfonts/cm/cmssbx10.pfb><c:/Users/simon/AppData/Ro
aming/TinyTeX/texmf-dist/fonts/type1/public/amsfonts/cm/cmssi10.pfb><c:/Users/s
imon/AppData/Roaming/TinyTeX/texmf-dist/fonts/type1/public/amsfonts/cm/cmssi12.
pfb><c:/Users/simon/AppData/Roaming/TinyTeX/texmf-dist/fonts/type1/public/amsfo
nts/cm/cmsy10.pfb><c:/Users/simon/AppData/Roaming/TinyTeX/texmf-dist/fonts/type
1/public/eurosym/feybr10.pfb><c:/Users/simon/AppData/Roaming/TinyTeX/texmf-dist
/fonts/type1/public/eurosym/feymr10.pfb>
Output written on 11-Slides.pdf (79 pages, 4193809 bytes).
PDF statistics:
 2691 PDF objects out of 2984 (max. 8388607)
 2537 compressed objects within 26 object streams
 164 named destinations out of 1000 (max. 500000)
 204 words of extra memory for PDF output out of 10000 (max. 10000000)

